#
# There is insufficient memory for the Java Runtime Environment to continue.
# Native memory allocation (mmap) failed to map 20099072 bytes for committing reserved memory.
# Possible reasons:
#   The system is out of physical RAM or swap space
#   In 32 bit mode, the process size limit was hit
# Possible solutions:
#   Reduce memory load on the system
#   Increase physical memory or swap space
#   Check if swap backing store is full
#   Use 64 bit Java on a 64 bit OS
#   Decrease Java heap size (-Xmx/-Xms)
#   Decrease number of Java threads
#   Decrease Java thread stack sizes (-Xss)
#   Set larger code cache with -XX:ReservedCodeCacheSize=
# This output file may be truncated or incomplete.
#
#  Out of Memory Error (os_linux.cpp:2630), pid=23789, tid=0x00007f73f7e09700
#
# JRE version: OpenJDK Runtime Environment (8.0_121-b13) (build 1.8.0_121-8u121-b13-0ubuntu1.16.04.2-b13)
# Java VM: OpenJDK 64-Bit Server VM (25.121-b13 mixed mode linux-amd64 compressed oops)
# Failed to write core dump. Core dumps have been disabled. To enable core dumping, try "ulimit -c unlimited" before starting Java again
#

---------------  T H R E A D  ---------------

Current thread (0x00007f740806e000):  VMThread [stack: 0x00007f73f7d09000,0x00007f73f7e0a000] [id=23791]

Stack: [0x00007f73f7d09000,0x00007f73f7e0a000],  sp=0x00007f73f7e08510,  free space=1021k
Native frames: (J=compiled Java code, j=interpreted, Vv=VM code, C=native code)
V  [libjvm.so+0xa6647b]
V  [libjvm.so+0x4c32dc]
V  [libjvm.so+0x8b4b60]
V  [libjvm.so+0x8aefde]
V  [libjvm.so+0xa62d74]
V  [libjvm.so+0x5c9180]
V  [libjvm.so+0x5c8efe]
V  [libjvm.so+0x5b57b8]
V  [libjvm.so+0x44af7f]
V  [libjvm.so+0xa67581]
V  [libjvm.so+0xa6d217]
V  [libjvm.so+0xa6a9e7]
V  [libjvm.so+0xa6be6f]
V  [libjvm.so+0xa6c361]
V  [libjvm.so+0x8b2042]

VM_Operation (0x00007f740f37e520): GenCollectForAllocation, mode: safepoint, requested by thread 0x00007f740800a000


---------------  P R O C E S S  ---------------

Java Threads: ( => current thread )
  0x00007f74080a8800 JavaThread "Service Thread" daemon [_thread_blocked, id=23797, stack(0x00007f73f756b000,0x00007f73f766c000)]
  0x00007f74080a5800 JavaThread "C1 CompilerThread1" daemon [_thread_blocked, id=23796, stack(0x00007f73f766c000,0x00007f73f776d000)]
  0x00007f74080a3000 JavaThread "C2 CompilerThread0" daemon [_thread_blocked, id=23795, stack(0x00007f73f776d000,0x00007f73f786e000)]
  0x00007f74080a1000 JavaThread "Signal Dispatcher" daemon [_thread_blocked, id=23794, stack(0x00007f73f786e000,0x00007f73f796f000)]
  0x00007f740807a000 JavaThread "Finalizer" daemon [_thread_blocked, id=23793, stack(0x00007f73f7b07000,0x00007f73f7c08000)]
  0x00007f7408075800 JavaThread "Reference Handler" daemon [_thread_blocked, id=23792, stack(0x00007f73f7c08000,0x00007f73f7d09000)]
  0x00007f740800a000 JavaThread "main" [_thread_blocked, id=23790, stack(0x00007f740f27f000,0x00007f740f380000)]

Other Threads:
=>0x00007f740806e000 VMThread [stack: 0x00007f73f7d09000,0x00007f73f7e0a000] [id=23791]
  0x00007f74080b0000 WatcherThread [stack: 0x00007f73f746a000,0x00007f73f756b000] [id=23798]

VM state:at safepoint (normal execution)

VM Mutex/Monitor currently owned by a thread:  ([mutex/lock_event])
[0x00007f74080060d0] Threads_lock - owner thread: 0x00007f740806e000
[0x00007f74080065d0] Heap_lock - owner thread: 0x00007f740800a000

Heap:
 def new generation   total 9856K, used 1010K [0x00000000f0600000, 0x00000000f10b0000, 0x00000000f5950000)
  eden space 8768K,  11% used [0x00000000f0600000, 0x00000000f06fc8f0, 0x00000000f0e90000)
  from space 1088K,   0% used [0x00000000f0e90000, 0x00000000f0e90000, 0x00000000f0fa0000)
  to   space 1088K,   0% used [0x00000000f0fa0000, 0x00000000f0fa0000, 0x00000000f10b0000)
 tenured generation   total 29440K, used 29439K [0x00000000f5950000, 0x00000000f7610000, 0x0000000100000000)
   the space 29440K,  99% used [0x00000000f5950000, 0x00000000f760fe50, 0x00000000f7610000, 0x00000000f7610000)
 Metaspace       used 2798K, capacity 4562K, committed 4864K, reserved 1056768K
  class space    used 289K, capacity 386K, committed 512K, reserved 1048576K

Card table byte_map: [0x00007f740f201000,0x00007f740f27f000] byte_map_base: 0x00007f740ea7e000

Polling page: 0x00007f740f39c000

CodeCache: size=245760Kb used=1586Kb max_used=1599Kb free=244173Kb
 bounds [0x00007f73f8be5000, 0x00007f73f8e55000, 0x00007f7407be5000]
 total_blobs=405 nmethods=168 adapters=152
 compilation: enabled

Compilation events (10 events):
Event: 0.910 Thread 0x00007f74080a5800 nmethod 165 0x00007f73f8d6a650 code [0x00007f73f8d6a7a0, 0x00007f73f8d6a8d0]
Event: 0.931 Thread 0x00007f74080a3000 nmethod 160 0x00007f73f8d72e90 code [0x00007f73f8d73080, 0x00007f73f8d73b78]
Event: 0.931 Thread 0x00007f74080a3000  167   !   4       java.io.BufferedReader::readLine (304 bytes)
Event: 1.034 Thread 0x00007f74080a3000 nmethod 167 0x00007f73f8d70190 code [0x00007f73f8d70360, 0x00007f73f8d711e0]
Event: 1.035 Thread 0x00007f74080a3000  166       4       java.lang.Number::<init> (5 bytes)
Event: 1.035 Thread 0x00007f74080a3000 nmethod 166 0x00007f73f8d6ff90 code [0x00007f73f8d700e0, 0x00007f73f8d70138]
Event: 1.035 Thread 0x00007f74080a3000  163       4       java.util.HashMap::hash (20 bytes)
Event: 1.037 Thread 0x00007f74080a3000 nmethod 163 0x00007f73f8d6fbd0 code [0x00007f73f8d6fd20, 0x00007f73f8d6fe18]
Event: 1.037 Thread 0x00007f74080a3000  168       4       java.util.HashMap::newNode (13 bytes)
Event: 1.037 Thread 0x00007f74080a3000 nmethod 168 0x00007f73f8d6f8d0 code [0x00007f73f8d6fa20, 0x00007f73f8d6fb38]

GC Heap History (10 events):
Event: 0.872 GC heap after
Heap after GC invocations=14 (full 0):
 def new generation   total 4928K, used 344K [0x00000000f0600000, 0x00000000f0b50000, 0x00000000f5950000)
  eden space 4416K,   0% used [0x00000000f0600000, 0x00000000f0600000, 0x00000000f0a50000)
  from space 512K,  67% used [0x00000000f0a50000, 0x00000000f0aa61a8, 0x00000000f0ad0000)
  to   space 512K,   0% used [0x00000000f0ad0000, 0x00000000f0ad0000, 0x00000000f0b50000)
 tenured generation   total 10944K, used 2202K [0x00000000f5950000, 0x00000000f6400000, 0x0000000100000000)
   the space 10944K,  20% used [0x00000000f5950000, 0x00000000f5b769c8, 0x00000000f5b76a00, 0x00000000f6400000)
 Metaspace       used 2754K, capacity 4490K, committed 4864K, reserved 1056768K
  class space    used 285K, capacity 386K, committed 512K, reserved 1048576K
}
Event: 0.936 GC heap before
{Heap before GC invocations=14 (full 0):
 def new generation   total 4928K, used 4755K [0x00000000f0600000, 0x00000000f0b50000, 0x00000000f5950000)
  eden space 4416K,  99% used [0x00000000f0600000, 0x00000000f0a4ecd8, 0x00000000f0a50000)
  from space 512K,  67% used [0x00000000f0a50000, 0x00000000f0aa61a8, 0x00000000f0ad0000)
  to   space 512K,   0% used [0x00000000f0ad0000, 0x00000000f0ad0000, 0x00000000f0b50000)
 tenured generation   total 10944K, used 2202K [0x00000000f5950000, 0x00000000f6400000, 0x0000000100000000)
   the space 10944K,  20% used [0x00000000f5950000, 0x00000000f5b769c8, 0x00000000f5b76a00, 0x00000000f6400000)
 Metaspace       used 2798K, capacity 4562K, committed 4864K, reserved 1056768K
  class space    used 289K, capacity 386K, committed 512K, reserved 1048576K
Event: 0.952 GC heap after
Heap after GC invocations=15 (full 0):
 def new generation   total 4928K, used 512K [0x00000000f0600000, 0x00000000f0b50000, 0x00000000f5950000)
  eden space 4416K,   0% used [0x00000000f0600000, 0x00000000f0600000, 0x00000000f0a50000)
  from space 512K, 100% used [0x00000000f0ad0000, 0x00000000f0b50000, 0x00000000f0b50000)
  to   space 512K,   0% used [0x00000000f0a50000, 0x00000000f0a50000, 0x00000000f0ad0000)
 tenured generation   total 10944K, used 4116K [0x00000000f5950000, 0x00000000f6400000, 0x0000000100000000)
   the space 10944K,  37% used [0x00000000f5950000, 0x00000000f5d55290, 0x00000000f5d55400, 0x00000000f6400000)
 Metaspace       used 2798K, capacity 4562K, committed 4864K, reserved 1056768K
  class space    used 289K, capacity 386K, committed 512K, reserved 1048576K
}
Event: 0.956 GC heap before
{Heap before GC invocations=15 (full 0):
 def new generation   total 4928K, used 4927K [0x00000000f0600000, 0x00000000f0b50000, 0x00000000f5950000)
  eden space 4416K,  99% used [0x00000000f0600000, 0x00000000f0a4fec8, 0x00000000f0a50000)
  from space 512K, 100% used [0x00000000f0ad0000, 0x00000000f0b50000, 0x00000000f0b50000)
  to   space 512K,   0% used [0x00000000f0a50000, 0x00000000f0a50000, 0x00000000f0ad0000)
 tenured generation   total 10944K, used 4116K [0x00000000f5950000, 0x00000000f6400000, 0x0000000100000000)
   the space 10944K,  37% used [0x00000000f5950000, 0x00000000f5d55290, 0x00000000f5d55400, 0x00000000f6400000)
 Metaspace       used 2798K, capacity 4562K, committed 4864K, reserved 1056768K
  class space    used 289K, capacity 386K, committed 512K, reserved 1048576K
Event: 0.984 GC heap after
Heap after GC invocations=16 (full 0):
 def new generation   total 4928K, used 507K [0x00000000f0600000, 0x00000000f0b50000, 0x00000000f5950000)
  eden space 4416K,   0% used [0x00000000f0600000, 0x00000000f0600000, 0x00000000f0a50000)
  from space 512K,  99% used [0x00000000f0a50000, 0x00000000f0aceef0, 0x00000000f0ad0000)
  to   space 512K,   0% used [0x00000000f0ad0000, 0x00000000f0ad0000, 0x00000000f0b50000)
 tenured generation   total 10944K, used 8502K [0x00000000f5950000, 0x00000000f6400000, 0x0000000100000000)
   the space 10944K,  77% used [0x00000000f5950000, 0x00000000f619d850, 0x00000000f619da00, 0x00000000f6400000)
 Metaspace       used 2798K, capacity 4562K, committed 4864K, reserved 1056768K
  class space    used 289K, capacity 386K, committed 512K, reserved 1048576K
}
Event: 0.987 GC heap before
{Heap before GC invocations=16 (full 0):
 def new generation   total 4928K, used 4923K [0x00000000f0600000, 0x00000000f0b50000, 0x00000000f5950000)
  eden space 4416K,  99% used [0x00000000f0600000, 0x00000000f0a4ff58, 0x00000000f0a50000)
  from space 512K,  99% used [0x00000000f0a50000, 0x00000000f0aceef0, 0x00000000f0ad0000)
  to   space 512K,   0% used [0x00000000f0ad0000, 0x00000000f0ad0000, 0x00000000f0b50000)
 tenured generation   total 10944K, used 8502K [0x00000000f5950000, 0x00000000f6400000, 0x0000000100000000)
   the space 10944K,  77% used [0x00000000f5950000, 0x00000000f619d850, 0x00000000f619da00, 0x00000000f6400000)
 Metaspace       used 2798K, capacity 4562K, committed 4864K, reserved 1056768K
  class space    used 289K, capacity 386K, committed 512K, reserved 1048576K
Event: 1.015 GC heap after
Heap after GC invocations=17 (full 1):
 def new generation   total 9856K, used 335K [0x00000000f0600000, 0x00000000f10b0000, 0x00000000f5950000)
  eden space 8768K,   3% used [0x00000000f0600000, 0x00000000f0653c00, 0x00000000f0e90000)
  from space 1088K,   0% used [0x00000000f0e90000, 0x00000000f0e90000, 0x00000000f0fa0000)
  to   space 1088K,   0% used [0x00000000f0fa0000, 0x00000000f0fa0000, 0x00000000f10b0000)
 tenured generation   total 21760K, used 13055K [0x00000000f5950000, 0x00000000f6e90000, 0x0000000100000000)
   the space 21760K,  59% used [0x00000000f5950000, 0x00000000f660fff0, 0x00000000f6610000, 0x00000000f6e90000)
 Metaspace       used 2798K, capacity 4562K, committed 4864K, reserved 1056768K
  class space    used 289K, capacity 386K, committed 512K, reserved 1048576K
}
Event: 1.061 GC heap before
{Heap before GC invocations=17 (full 1):
 def new generation   total 9856K, used 8768K [0x00000000f0600000, 0x00000000f10b0000, 0x00000000f5950000)
  eden space 8768K, 100% used [0x00000000f0600000, 0x00000000f0e90000, 0x00000000f0e90000)
  from space 1088K,   0% used [0x00000000f0e90000, 0x00000000f0e90000, 0x00000000f0fa0000)
  to   space 1088K,   0% used [0x00000000f0fa0000, 0x00000000f0fa0000, 0x00000000f10b0000)
 tenured generation   total 21760K, used 13055K [0x00000000f5950000, 0x00000000f6e90000, 0x0000000100000000)
   the space 21760K,  59% used [0x00000000f5950000, 0x00000000f660fff0, 0x00000000f6610000, 0x00000000f6e90000)
 Metaspace       used 2798K, capacity 4562K, committed 4864K, reserved 1056768K
  class space    used 289K, capacity 386K, committed 512K, reserved 1048576K
Event: 1.105 GC heap after
Heap after GC invocations=18 (full 1):
 def new generation   total 9856K, used 1083K [0x00000000f0600000, 0x00000000f10b0000, 0x00000000f5950000)
  eden space 8768K,   0% used [0x00000000f0600000, 0x00000000f0600000, 0x00000000f0e90000)
  from space 1088K,  99% used [0x00000000f0fa0000, 0x00000000f10aee10, 0x00000000f10b0000)
  to   space 1088K,   0% used [0x00000000f0e90000, 0x00000000f0e90000, 0x00000000f0fa0000)
 tenured generation   total 21760K, used 20682K [0x00000000f5950000, 0x00000000f6e90000, 0x0000000100000000)
   the space 21760K,  95% used [0x00000000f5950000, 0x00000000f6d829e0, 0x00000000f6d82a00, 0x00000000f6e90000)
 Metaspace       used 2798K, capacity 4562K, committed 4864K, reserved 1056768K
  class space    used 289K, capacity 386K, committed 512K, reserved 1048576K
}
Event: 1.115 GC heap before
{Heap before GC invocations=18 (full 1):
 def new generation   total 9856K, used 9849K [0x00000000f0600000, 0x00000000f10b0000, 0x00000000f5950000)
  eden space 8768K,  99% used [0x00000000f0600000, 0x00000000f0e8f690, 0x00000000f0e90000)
  from space 1088K,  99% used [0x00000000f0fa0000, 0x00000000f10aee10, 0x00000000f10b0000)
  to   space 1088K,   0% used [0x00000000f0e90000, 0x00000000f0e90000, 0x00000000f0fa0000)
 tenured generation   total 21760K, used 20682K [0x00000000f5950000, 0x00000000f6e90000, 0x0000000100000000)
   the space 21760K,  95% used [0x00000000f5950000, 0x00000000f6d829e0, 0x00000000f6d82a00, 0x00000000f6e90000)
 Metaspace       used 2798K, capacity 4562K, committed 4864K, reserved 1056768K
  class space    used 289K, capacity 386K, committed 512K, reserved 1048576K

Deoptimization events (8 events):
Event: 0.502 Thread 0x00007f740800a000 Uncommon trap: reason=predicate action=maybe_recompile pc=0x00007f73f8d44c88 method=java.util.AbstractCollection.toArray([Ljava/lang/Object;)[Ljava/lang/Object; @ 49
Event: 0.873 Thread 0x00007f740800a000 Uncommon trap: reason=unstable_if action=reinterpret pc=0x00007f73f8d41c9c method=java.io.BufferedReader.readLine(Z)Ljava/lang/String; @ 55
Event: 0.874 Thread 0x00007f740800a000 Uncommon trap: reason=class_check action=maybe_recompile pc=0x00007f73f8d548b4 method=java.util.HashMap.hash(Ljava/lang/Object;)I @ 9
Event: 0.874 Thread 0x00007f740800a000 Uncommon trap: reason=unstable_if action=reinterpret pc=0x00007f73f8d58240 method=java.util.HashMap.putVal(ILjava/lang/Object;Ljava/lang/Object;ZZ)Ljava/lang/Object; @ 81
Event: 0.874 Thread 0x00007f740800a000 Uncommon trap: reason=class_check action=maybe_recompile pc=0x00007f73f8d548b4 method=java.util.HashMap.hash(Ljava/lang/Object;)I @ 9
Event: 0.874 Thread 0x00007f740800a000 Uncommon trap: reason=class_check action=maybe_recompile pc=0x00007f73f8d548b4 method=java.util.HashMap.hash(Ljava/lang/Object;)I @ 9
Event: 0.874 Thread 0x00007f740800a000 Uncommon trap: reason=class_check action=maybe_recompile pc=0x00007f73f8d548b4 method=java.util.HashMap.hash(Ljava/lang/Object;)I @ 9
Event: 0.894 Thread 0x00007f740800a000 Uncommon trap: reason=unstable_if action=reinterpret pc=0x00007f73f8d4d914 method=java.lang.String.substring(II)Ljava/lang/String; @ 58

Internal exceptions (8 events):
Event: 0.095 Thread 0x00007f740800a000 Exception <a 'java/lang/NoSuchMethodError': Method sun.misc.Unsafe.defineClass(Ljava/lang/String;[BII)Ljava/lang/Class; name or signature does not match> (0x00000000f0607ca8) thrown at [/build/openjdk-8-YiEakL/openjdk-8-8u121-b13/src/hotspot/src/share/vm/
Event: 0.095 Thread 0x00007f740800a000 Exception <a 'java/lang/NoSuchMethodError': Method sun.misc.Unsafe.prefetchRead(Ljava/lang/Object;J)V name or signature does not match> (0x00000000f0607f90) thrown at [/build/openjdk-8-YiEakL/openjdk-8-8u121-b13/src/hotspot/src/share/vm/prims/jni.cpp, lin
Event: 0.220 Thread 0x00007f740800a000 Exception <a 'java/security/PrivilegedActionException'> (0x00000000f06860f8) thrown at [/build/openjdk-8-YiEakL/openjdk-8-8u121-b13/src/hotspot/src/share/vm/prims/jvm.cpp, line 1390]
Event: 0.220 Thread 0x00007f740800a000 Exception <a 'java/security/PrivilegedActionException'> (0x00000000f0686308) thrown at [/build/openjdk-8-YiEakL/openjdk-8-8u121-b13/src/hotspot/src/share/vm/prims/jvm.cpp, line 1390]
Event: 0.221 Thread 0x00007f740800a000 Exception <a 'java/security/PrivilegedActionException'> (0x00000000f0688390) thrown at [/build/openjdk-8-YiEakL/openjdk-8-8u121-b13/src/hotspot/src/share/vm/prims/jvm.cpp, line 1390]
Event: 0.221 Thread 0x00007f740800a000 Exception <a 'java/security/PrivilegedActionException'> (0x00000000f06885a0) thrown at [/build/openjdk-8-YiEakL/openjdk-8-8u121-b13/src/hotspot/src/share/vm/prims/jvm.cpp, line 1390]
Event: 0.221 Thread 0x00007f740800a000 Exception <a 'java/security/PrivilegedActionException'> (0x00000000f069f1e8) thrown at [/build/openjdk-8-YiEakL/openjdk-8-8u121-b13/src/hotspot/src/share/vm/prims/jvm.cpp, line 1390]
Event: 0.221 Thread 0x00007f740800a000 Exception <a 'java/security/PrivilegedActionException'> (0x00000000f069f3f8) thrown at [/build/openjdk-8-YiEakL/openjdk-8-8u121-b13/src/hotspot/src/share/vm/prims/jvm.cpp, line 1390]

Events (10 events):
Event: 0.935 Thread 0x00007f740800a000 DEOPT UNPACKING pc=0x00007f73f8c2c373 sp=0x00007f740f37e408 mode 0
Event: 0.935 Executing VM operation: GenCollectForAllocation
Event: 0.956 Executing VM operation: GenCollectForAllocation done
Event: 0.956 Executing VM operation: GenCollectForAllocation
Event: 0.986 Executing VM operation: GenCollectForAllocation done
Event: 0.987 Executing VM operation: GenCollectForAllocation
Event: 1.022 Executing VM operation: GenCollectForAllocation done
Event: 1.061 Executing VM operation: GenCollectForAllocation
Event: 1.105 Executing VM operation: GenCollectForAllocation done
Event: 1.110 Executing VM operation: GenCollectForAllocation


Dynamic libraries:
00400000-00401000 r-xp 00000000 fd:01 2062551                            /usr/lib/jvm/java-8-openjdk-amd64/jre/bin/java
00600000-00601000 r--p 00000000 fd:01 2062551                            /usr/lib/jvm/java-8-openjdk-amd64/jre/bin/java
00601000-00602000 rw-p 00001000 fd:01 2062551                            /usr/lib/jvm/java-8-openjdk-amd64/jre/bin/java
020fd000-0211e000 rw-p 00000000 00:00 0                                  [heap]
f0600000-f10b0000 rw-p 00000000 00:00 0 
f10b0000-f5950000 ---p 00000000 00:00 0 
f5950000-f7610000 rw-p 00000000 00:00 0 
f893b000-100000000 ---p 00000000 00:00 0 
100000000-100080000 rw-p 00000000 00:00 0 
100080000-140000000 ---p 00000000 00:00 0 
7f73d8000000-7f73d8303000 rw-p 00000000 00:00 0 
7f73d8303000-7f73dc000000 ---p 00000000 00:00 0 
7f73dc000000-7f73dc021000 rw-p 00000000 00:00 0 
7f73dc021000-7f73e0000000 ---p 00000000 00:00 0 
7f73e0000000-7f73e0021000 rw-p 00000000 00:00 0 
7f73e0021000-7f73e4000000 ---p 00000000 00:00 0 
7f73e4000000-7f73e41b9000 rw-p 00000000 00:00 0 
7f73e41b9000-7f73e8000000 ---p 00000000 00:00 0 
7f73e8000000-7f73e8021000 rw-p 00000000 00:00 0 
7f73e8021000-7f73ec000000 ---p 00000000 00:00 0 
7f73ec000000-7f73ec021000 rw-p 00000000 00:00 0 
7f73ec021000-7f73f0000000 ---p 00000000 00:00 0 
7f73f0000000-7f73f0021000 rw-p 00000000 00:00 0 
7f73f0021000-7f73f4000000 ---p 00000000 00:00 0 
7f73f7436000-7f73f743a000 r--s 00038000 fd:01 283671                     /opt/tomcat/lib/servlet-api.jar
7f73f743a000-7f73f743d000 r--s 00043000 fd:01 313061                     /opt/tomcat/lib/jackson-core-2.9.0.pr2.jar
7f73f743d000-7f73f744f000 r--s 0012a000 fd:01 256869                     /opt/tomcat/lib/jackson-databind-2.9.0.pr2.jar
7f73f744f000-7f73f746a000 r--s 00394000 fd:01 2062534                    /usr/lib/jvm/java-8-openjdk-amd64/jre/lib/ext/cldrdata.jar
7f73f746a000-7f73f746b000 ---p 00000000 00:00 0 
7f73f746b000-7f73f756b000 rw-p 00000000 00:00 0 
7f73f756b000-7f73f756e000 ---p 00000000 00:00 0 
7f73f756e000-7f73f766c000 rw-p 00000000 00:00 0 
7f73f766c000-7f73f766f000 ---p 00000000 00:00 0 
7f73f766f000-7f73f776d000 rw-p 00000000 00:00 0 
7f73f776d000-7f73f7770000 ---p 00000000 00:00 0 
7f73f7770000-7f73f786e000 rw-p 00000000 00:00 0 
7f73f786e000-7f73f7871000 ---p 00000000 00:00 0 
7f73f7871000-7f73f796f000 rw-p 00000000 00:00 0 
7f73f796f000-7f73f7b07000 r--p 00000000 fd:01 6337                       /usr/lib/locale/locale-archive
7f73f7b07000-7f73f7b0a000 ---p 00000000 00:00 0 
7f73f7b0a000-7f73f7c08000 rw-p 00000000 00:00 0 
7f73f7c08000-7f73f7c0b000 ---p 00000000 00:00 0 
7f73f7c0b000-7f73f7d09000 rw-p 00000000 00:00 0 
7f73f7d09000-7f73f7d0a000 ---p 00000000 00:00 0 
7f73f7d0a000-7f73f7e57000 rw-p 00000000 00:00 0 
7f73f7e57000-7f73f8025000 r--s 03c06000 fd:01 2062545                    /usr/lib/jvm/java-8-openjdk-amd64/jre/lib/rt.jar
7f73f8025000-7f73f8465000 rw-p 00000000 00:00 0 
7f73f8465000-7f73f8825000 ---p 00000000 00:00 0 
7f73f8825000-7f73f882f000 rw-p 00000000 00:00 0 
7f73f882f000-7f73f8be5000 ---p 00000000 00:00 0 
7f73f8be5000-7f73f8e55000 rwxp 00000000 00:00 0 
7f73f8e55000-7f7407be5000 ---p 00000000 00:00 0 
7f7407be5000-7f7407bed000 r-xp 00000000 fd:01 2062490                    /usr/lib/jvm/java-8-openjdk-amd64/jre/lib/amd64/libzip.so
7f7407bed000-7f7407dec000 ---p 00008000 fd:01 2062490                    /usr/lib/jvm/java-8-openjdk-amd64/jre/lib/amd64/libzip.so
7f7407dec000-7f7407ded000 r--p 00007000 fd:01 2062490                    /usr/lib/jvm/java-8-openjdk-amd64/jre/lib/amd64/libzip.so
7f7407ded000-7f7407dee000 rw-p 00008000 fd:01 2062490                    /usr/lib/jvm/java-8-openjdk-amd64/jre/lib/amd64/libzip.so
7f7407dee000-7f7407df9000 r-xp 00000000 fd:01 13197                      /lib/x86_64-linux-gnu/libnss_files-2.23.so
7f7407df9000-7f7407ff8000 ---p 0000b000 fd:01 13197                      /lib/x86_64-linux-gnu/libnss_files-2.23.so
7f7407ff8000-7f7407ff9000 r--p 0000a000 fd:01 13197                      /lib/x86_64-linux-gnu/libnss_files-2.23.so
7f7407ff9000-7f7407ffa000 rw-p 0000b000 fd:01 13197                      /lib/x86_64-linux-gnu/libnss_files-2.23.so
7f7407ffa000-7f7408000000 rw-p 00000000 00:00 0 
7f7408000000-7f7408159000 rw-p 00000000 00:00 0 
7f7408159000-7f740c000000 ---p 00000000 00:00 0 
7f740c000000-7f740c001000 r--s 00010000 fd:01 2062535                    /usr/lib/jvm/java-8-openjdk-amd64/jre/lib/ext/zipfs.jar
7f740c001000-7f740c01c000 r--s 001d6000 fd:01 2062531                    /usr/lib/jvm/java-8-openjdk-amd64/jre/lib/ext/nashorn.jar
7f740c01c000-7f740c115000 rw-p 00000000 00:00 0 
7f740c115000-7f740c120000 r-xp 00000000 fd:01 13190                      /lib/x86_64-linux-gnu/libnss_nis-2.23.so
7f740c120000-7f740c31f000 ---p 0000b000 fd:01 13190                      /lib/x86_64-linux-gnu/libnss_nis-2.23.so
7f740c31f000-7f740c320000 r--p 0000a000 fd:01 13190                      /lib/x86_64-linux-gnu/libnss_nis-2.23.so
7f740c320000-7f740c321000 rw-p 0000b000 fd:01 13190                      /lib/x86_64-linux-gnu/libnss_nis-2.23.so
7f740c321000-7f740c337000 r-xp 00000000 fd:01 13192                      /lib/x86_64-linux-gnu/libnsl-2.23.so
7f740c337000-7f740c536000 ---p 00016000 fd:01 13192                      /lib/x86_64-linux-gnu/libnsl-2.23.so
7f740c536000-7f740c537000 r--p 00015000 fd:01 13192                      /lib/x86_64-linux-gnu/libnsl-2.23.so
7f740c537000-7f740c538000 rw-p 00016000 fd:01 13192                      /lib/x86_64-linux-gnu/libnsl-2.23.so
7f740c538000-7f740c53a000 rw-p 00000000 00:00 0 
7f740c53a000-7f740c542000 r-xp 00000000 fd:01 13199                      /lib/x86_64-linux-gnu/libnss_compat-2.23.so
7f740c542000-7f740c741000 ---p 00008000 fd:01 13199                      /lib/x86_64-linux-gnu/libnss_compat-2.23.so
7f740c741000-7f740c742000 r--p 00007000 fd:01 13199                      /lib/x86_64-linux-gnu/libnss_compat-2.23.so
7f740c742000-7f740c743000 rw-p 00008000 fd:01 13199                      /lib/x86_64-linux-gnu/libnss_compat-2.23.so
7f740c743000-7f740c770000 r-xp 00000000 fd:01 2062517                    /usr/lib/jvm/java-8-openjdk-amd64/jre/lib/amd64/libjava.so
7f740c770000-7f740c96f000 ---p 0002d000 fd:01 2062517                    /usr/lib/jvm/java-8-openjdk-amd64/jre/lib/amd64/libjava.so
7f740c96f000-7f740c970000 r--p 0002c000 fd:01 2062517                    /usr/lib/jvm/java-8-openjdk-amd64/jre/lib/amd64/libjava.so
7f740c970000-7f740c972000 rw-p 0002d000 fd:01 2062517                    /usr/lib/jvm/java-8-openjdk-amd64/jre/lib/amd64/libjava.so
7f740c972000-7f740c981000 r-xp 00000000 fd:01 2062483                    /usr/lib/jvm/java-8-openjdk-amd64/jre/lib/amd64/libverify.so
7f740c981000-7f740cb80000 ---p 0000f000 fd:01 2062483                    /usr/lib/jvm/java-8-openjdk-amd64/jre/lib/amd64/libverify.so
7f740cb80000-7f740cb82000 r--p 0000e000 fd:01 2062483                    /usr/lib/jvm/java-8-openjdk-amd64/jre/lib/amd64/libverify.so
7f740cb82000-7f740cb83000 rw-p 00010000 fd:01 2062483                    /usr/lib/jvm/java-8-openjdk-amd64/jre/lib/amd64/libverify.so
7f740cb83000-7f740cb8a000 r-xp 00000000 fd:01 13200                      /lib/x86_64-linux-gnu/librt-2.23.so
7f740cb8a000-7f740cd89000 ---p 00007000 fd:01 13200                      /lib/x86_64-linux-gnu/librt-2.23.so
7f740cd89000-7f740cd8a000 r--p 00006000 fd:01 13200                      /lib/x86_64-linux-gnu/librt-2.23.so
7f740cd8a000-7f740cd8b000 rw-p 00007000 fd:01 13200                      /lib/x86_64-linux-gnu/librt-2.23.so
7f740cd8b000-7f740cda1000 r-xp 00000000 fd:01 2035                       /lib/x86_64-linux-gnu/libgcc_s.so.1
7f740cda1000-7f740cfa0000 ---p 00016000 fd:01 2035                       /lib/x86_64-linux-gnu/libgcc_s.so.1
7f740cfa0000-7f740cfa1000 rw-p 00015000 fd:01 2035                       /lib/x86_64-linux-gnu/libgcc_s.so.1
7f740cfa1000-7f740d0a9000 r-xp 00000000 fd:01 13191                      /lib/x86_64-linux-gnu/libm-2.23.so
7f740d0a9000-7f740d2a8000 ---p 00108000 fd:01 13191                      /lib/x86_64-linux-gnu/libm-2.23.so
7f740d2a8000-7f740d2a9000 r--p 00107000 fd:01 13191                      /lib/x86_64-linux-gnu/libm-2.23.so
7f740d2a9000-7f740d2aa000 rw-p 00108000 fd:01 13191                      /lib/x86_64-linux-gnu/libm-2.23.so
7f740d2aa000-7f740d41c000 r-xp 00000000 fd:01 25750                      /usr/lib/x86_64-linux-gnu/libstdc++.so.6.0.21
7f740d41c000-7f740d61c000 ---p 00172000 fd:01 25750                      /usr/lib/x86_64-linux-gnu/libstdc++.so.6.0.21
7f740d61c000-7f740d626000 r--p 00172000 fd:01 25750                      /usr/lib/x86_64-linux-gnu/libstdc++.so.6.0.21
7f740d626000-7f740d628000 rw-p 0017c000 fd:01 25750                      /usr/lib/x86_64-linux-gnu/libstdc++.so.6.0.21
7f740d628000-7f740d62c000 rw-p 00000000 00:00 0 
7f740d62c000-7f740e27c000 r-xp 00000000 fd:01 2062512                    /usr/lib/jvm/java-8-openjdk-amd64/jre/lib/amd64/server/libjvm.so
7f740e27c000-7f740e47b000 ---p 00c50000 fd:01 2062512                    /usr/lib/jvm/java-8-openjdk-amd64/jre/lib/amd64/server/libjvm.so
7f740e47b000-7f740e50e000 r--p 00c4f000 fd:01 2062512                    /usr/lib/jvm/java-8-openjdk-amd64/jre/lib/amd64/server/libjvm.so
7f740e50e000-7f740e537000 rw-p 00ce2000 fd:01 2062512                    /usr/lib/jvm/java-8-openjdk-amd64/jre/lib/amd64/server/libjvm.so
7f740e537000-7f740e567000 rw-p 00000000 00:00 0 
7f740e567000-7f740e57f000 r-xp 00000000 fd:01 13204                      /lib/x86_64-linux-gnu/libpthread-2.23.so
7f740e57f000-7f740e77e000 ---p 00018000 fd:01 13204                      /lib/x86_64-linux-gnu/libpthread-2.23.so
7f740e77e000-7f740e77f000 r--p 00017000 fd:01 13204                      /lib/x86_64-linux-gnu/libpthread-2.23.so
7f740e77f000-7f740e780000 rw-p 00018000 fd:01 13204                      /lib/x86_64-linux-gnu/libpthread-2.23.so
7f740e780000-7f740e784000 rw-p 00000000 00:00 0 
7f740e784000-7f740e787000 r-xp 00000000 fd:01 13189                      /lib/x86_64-linux-gnu/libdl-2.23.so
7f740e787000-7f740e986000 ---p 00003000 fd:01 13189                      /lib/x86_64-linux-gnu/libdl-2.23.so
7f740e986000-7f740e987000 r--p 00002000 fd:01 13189                      /lib/x86_64-linux-gnu/libdl-2.23.so
7f740e987000-7f740e988000 rw-p 00003000 fd:01 13189                      /lib/x86_64-linux-gnu/libdl-2.23.so
7f740e988000-7f740e9a1000 r-xp 00000000 fd:01 2184                       /lib/x86_64-linux-gnu/libz.so.1.2.8
7f740e9a1000-7f740eba0000 ---p 00019000 fd:01 2184                       /lib/x86_64-linux-gnu/libz.so.1.2.8
7f740eba0000-7f740eba1000 r--p 00018000 fd:01 2184                       /lib/x86_64-linux-gnu/libz.so.1.2.8
7f740eba1000-7f740eba2000 rw-p 00019000 fd:01 2184                       /lib/x86_64-linux-gnu/libz.so.1.2.8
7f740eba2000-7f740ed61000 r-xp 00000000 fd:01 13193                      /lib/x86_64-linux-gnu/libc-2.23.so
7f740ed61000-7f740ef61000 ---p 001bf000 fd:01 13193                      /lib/x86_64-linux-gnu/libc-2.23.so
7f740ef61000-7f740ef65000 r--p 001bf000 fd:01 13193                      /lib/x86_64-linux-gnu/libc-2.23.so
7f740ef65000-7f740ef67000 rw-p 001c3000 fd:01 13193                      /lib/x86_64-linux-gnu/libc-2.23.so
7f740ef67000-7f740ef6b000 rw-p 00000000 00:00 0 
7f740ef6b000-7f740ef78000 r-xp 00000000 fd:01 2062506                    /usr/lib/jvm/java-8-openjdk-amd64/jre/lib/amd64/jli/libjli.so
7f740ef78000-7f740f178000 ---p 0000d000 fd:01 2062506                    /usr/lib/jvm/java-8-openjdk-amd64/jre/lib/amd64/jli/libjli.so
7f740f178000-7f740f179000 r--p 0000d000 fd:01 2062506                    /usr/lib/jvm/java-8-openjdk-amd64/jre/lib/amd64/jli/libjli.so
7f740f179000-7f740f17a000 rw-p 0000e000 fd:01 2062506                    /usr/lib/jvm/java-8-openjdk-amd64/jre/lib/amd64/jli/libjli.so
7f740f17a000-7f740f1a0000 r-xp 00000000 fd:01 13194                      /lib/x86_64-linux-gnu/ld-2.23.so
7f740f1a0000-7f740f1a1000 r--s 0000a000 fd:01 2062539                    /usr/lib/jvm/java-8-openjdk-amd64/jre/lib/ext/jaccess.jar
7f740f1a1000-7f740f1a3000 r--s 00008000 fd:01 2062530                    /usr/lib/jvm/java-8-openjdk-amd64/jre/lib/ext/sunec.jar
7f740f1a3000-7f740f1ad000 r--s 00116000 fd:01 2062537                    /usr/lib/jvm/java-8-openjdk-amd64/jre/lib/ext/localedata.jar
7f740f1ad000-7f740f1bc000 rw-p 00000000 00:00 0 
7f740f1bc000-7f740f201000 ---p 00000000 00:00 0 
7f740f201000-7f740f207000 rw-p 00000000 00:00 0 
7f740f207000-7f740f22a000 ---p 00000000 00:00 0 
7f740f22a000-7f740f23a000 rw-p 00000000 00:00 0 
7f740f23a000-7f740f27e000 ---p 00000000 00:00 0 
7f740f27e000-7f740f27f000 rw-p 00000000 00:00 0 
7f740f27f000-7f740f282000 ---p 00000000 00:00 0 
7f740f282000-7f740f385000 rw-p 00000000 00:00 0 
7f740f385000-7f740f388000 r--s 0000f000 fd:01 2062533                    /usr/lib/jvm/java-8-openjdk-amd64/jre/lib/ext/icedtea-sound.jar
7f740f388000-7f740f38c000 r--s 00037000 fd:01 2062536                    /usr/lib/jvm/java-8-openjdk-amd64/jre/lib/ext/sunpkcs11.jar
7f740f38c000-7f740f391000 r--s 0003b000 fd:01 2062538                    /usr/lib/jvm/java-8-openjdk-amd64/jre/lib/ext/sunjce_provider.jar
7f740f391000-7f740f393000 r--s 00001000 fd:01 2062532                    /usr/lib/jvm/java-8-openjdk-amd64/jre/lib/ext/dnsns.jar
7f740f393000-7f740f39b000 rw-s 00000000 fd:01 313113                     /tmp/hsperfdata_root/23789
7f740f39b000-7f740f39c000 rw-p 00000000 00:00 0 
7f740f39c000-7f740f39d000 ---p 00000000 00:00 0 
7f740f39d000-7f740f39f000 rw-p 00000000 00:00 0 
7f740f39f000-7f740f3a0000 r--p 00025000 fd:01 13194                      /lib/x86_64-linux-gnu/ld-2.23.so
7f740f3a0000-7f740f3a1000 rw-p 00026000 fd:01 13194                      /lib/x86_64-linux-gnu/ld-2.23.so
7f740f3a1000-7f740f3a2000 rw-p 00000000 00:00 0 
7ffe60ff0000-7ffe61011000 rw-p 00000000 00:00 0                          [stack]
7ffe611f0000-7ffe611f2000 r--p 00000000 00:00 0                          [vvar]
7ffe611f2000-7ffe611f4000 r-xp 00000000 00:00 0                          [vdso]
ffffffffff600000-ffffffffff601000 r-xp 00000000 00:00 0                  [vsyscall]

VM Arguments:
java_command: Buscaller
java_class_path (initial): /opt/tomcat/lib/jackson-databind-2.9.0.pr2.jar:/opt/tomcat/lib/jackson-core-2.9.0.pr2.jar:/opt/tomcat/lib/servlet-api.jar:.
Launcher Type: SUN_STANDARD

Environment Variables:
CLASSPATH=/opt/tomcat/lib/jackson-databind-2.9.0.pr2.jar:/opt/tomcat/lib/jackson-core-2.9.0.pr2.jar:/opt/tomcat/lib/servlet-api.jar:.
PATH=/usr/local/sbin:/usr/local/bin:/usr/sbin:/usr/bin:/sbin:/bin:/usr/games:/usr/local/games:/snap/bin:/usr/local/go/bin:/usr/local/nodejs/bin:.
SHELL=/bin/bash

Signal Handlers:
SIGSEGV: [libjvm.so+0xa66fd0], sa_mask[0]=11111111011111111101111111111110, sa_flags=SA_RESTART|SA_SIGINFO
SIGBUS: [libjvm.so+0xa66fd0], sa_mask[0]=11111111011111111101111111111110, sa_flags=SA_RESTART|SA_SIGINFO
SIGFPE: [libjvm.so+0x8b0180], sa_mask[0]=11111111011111111101111111111110, sa_flags=SA_RESTART|SA_SIGINFO
SIGPIPE: [libjvm.so+0x8b0180], sa_mask[0]=11111111011111111101111111111110, sa_flags=SA_RESTART|SA_SIGINFO
SIGXFSZ: [libjvm.so+0x8b0180], sa_mask[0]=11111111011111111101111111111110, sa_flags=SA_RESTART|SA_SIGINFO
SIGILL: [libjvm.so+0x8b0180], sa_mask[0]=11111111011111111101111111111110, sa_flags=SA_RESTART|SA_SIGINFO
SIGUSR1: SIG_DFL, sa_mask[0]=00000000000000000000000000000000, sa_flags=none
SIGUSR2: [libjvm.so+0x8b0030], sa_mask[0]=00000000000000000000000000000000, sa_flags=SA_RESTART|SA_SIGINFO
SIGHUP: [libjvm.so+0x8b0500], sa_mask[0]=11111111011111111101111111111110, sa_flags=SA_RESTART|SA_SIGINFO
SIGINT: [libjvm.so+0x8b0500], sa_mask[0]=11111111011111111101111111111110, sa_flags=SA_RESTART|SA_SIGINFO
SIGTERM: [libjvm.so+0x8b0500], sa_mask[0]=11111111011111111101111111111110, sa_flags=SA_RESTART|SA_SIGINFO
SIGQUIT: [libjvm.so+0x8b0500], sa_mask[0]=11111111011111111101111111111110, sa_flags=SA_RESTART|SA_SIGINFO


---------------  S Y S T E M  ---------------

OS:DISTRIB_ID=Ubuntu
DISTRIB_RELEASE=16.04
DISTRIB_CODENAME=xenial
DISTRIB_DESCRIPTION="Ubuntu 16.04.1 LTS"

uname:Linux 4.4.0-57-generic #78-Ubuntu SMP Fri Dec 9 23:50:32 UTC 2016 x86_64
libc:glibc 2.23 NPTL 2.23 
rlimit: STACK 8192k, CORE 0k, NPROC 3915, NOFILE 65536, AS infinity
load average:0.74 0.20 0.07

/proc/meminfo:
MemTotal:        1016220 kB
MemFree:           56396 kB
MemAvailable:        500 kB
Buffers:             208 kB
Cached:            16492 kB
SwapCached:            0 kB
Active:           860252 kB
Inactive:           9940 kB
Active(anon):     858936 kB
Inactive(anon):     8520 kB
Active(file):       1316 kB
Inactive(file):     1420 kB
Unevictable:        3656 kB
Mlocked:            3656 kB
SwapTotal:             0 kB
SwapFree:              0 kB
Dirty:                76 kB
Writeback:             0 kB
AnonPages:        857196 kB
Mapped:             5416 kB
Shmem:             11504 kB
Slab:              52184 kB
SReclaimable:      28324 kB
SUnreclaim:        23860 kB
KernelStack:        7040 kB
PageTables:         8924 kB
NFS_Unstable:          0 kB
Bounce:                0 kB
WritebackTmp:          0 kB
CommitLimit:      508108 kB
Committed_AS:    3081864 kB
VmallocTotal:   34359738367 kB
VmallocUsed:           0 kB
VmallocChunk:          0 kB
HardwareCorrupted:     0 kB
AnonHugePages:    499712 kB
CmaTotal:              0 kB
CmaFree:               0 kB
HugePages_Total:       0
HugePages_Free:        0
HugePages_Rsvd:        0
HugePages_Surp:        0
Hugepagesize:       2048 kB
DirectMap4k:       75768 kB
DirectMap2M:      972800 kB
DirectMap1G:           0 kB


CPU:total 1 (1 cores per cpu, 1 threads per core) family 6 model 63 stepping 2, cmov, cx8, fxsr, mmx, sse, sse2, sse3, ssse3, sse4.1, sse4.2, popcnt, avx, avx2, aes, clmul, erms, lzcnt, tsc, bmi1, bmi2

/proc/cpuinfo:
processor	: 0
vendor_id	: GenuineIntel
cpu family	: 6
model		: 63
model name	: Intel(R) Xeon(R) CPU E5-2650L v3 @ 1.80GHz
stepping	: 2
microcode	: 0x1
cpu MHz		: 1799.998
cache size	: 30720 KB
physical id	: 0
siblings	: 1
core id		: 0
cpu cores	: 1
apicid		: 0
initial apicid	: 0
fpu		: yes
fpu_exception	: yes
cpuid level	: 13
wp		: yes
flags		: fpu vme de pse tsc msr pae mce cx8 apic sep mtrr pge mca cmov pat pse36 clflush mmx fxsr sse sse2 ss syscall nx pdpe1gb rdtscp lm constant_tsc arch_perfmon rep_good nopl eagerfpu pni pclmulqdq vmx ssse3 fma cx16 pcid sse4_1 sse4_2 x2apic movbe popcnt tsc_deadline_timer aes xsave avx f16c rdrand hypervisor lahf_lm abm vnmi ept fsgsbase tsc_adjust bmi1 avx2 smep bmi2 erms invpcid xsaveopt arat
bugs		:
bogomips	: 3599.99
clflush size	: 64
cache_alignment	: 64
address sizes	: 40 bits physical, 48 bits virtual
power management:



Memory: 4k page, physical 1016220k(56396k free), swap 0k(0k free)

vm_info: OpenJDK 64-Bit Server VM (25.121-b13) for linux-amd64 JRE (1.8.0_121-8u121-b13-0ubuntu1.16.04.2-b13), built on Jan 23 2017 15:51:29 by "buildd" with gcc 5.4.0 20160609

time: Thu Apr 27 10:32:38 2017
elapsed time: 1 seconds (0d 0h 0m 1s)

